0 info it worked if it ends with ok
1 verbose cli [ '/usr/local/bin/node', '/usr/local/bin/npm', 'publish' ]
2 info using npm@4.1.2
3 info using node@v7.6.0
4 verbose publish [ '.' ]
5 silly cache add args [ '.', null ]
6 verbose cache add spec .
7 silly cache add parsed spec Result {
7 silly cache add   raw: '.',
7 silly cache add   scope: null,
7 silly cache add   escapedName: null,
7 silly cache add   name: null,
7 silly cache add   rawSpec: '.',
7 silly cache add   spec: '/Users/vivekpoddar/dev/is-git-repo',
7 silly cache add   type: 'directory' }
8 verbose addLocalDirectory /Users/vivekpoddar/.npm/is-git-repo/1.0.0/package.tgz not in flight; packing
9 verbose correctMkdir /Users/vivekpoddar/.npm correctMkdir not in flight; initializing
10 info lifecycle is-git-repo@1.0.0~prepublish: is-git-repo@1.0.0
11 silly lifecycle is-git-repo@1.0.0~prepublish: no script for prepublish, continuing
12 info lifecycle is-git-repo@1.0.0~prepare: is-git-repo@1.0.0
13 silly lifecycle is-git-repo@1.0.0~prepare: no script for prepare, continuing
14 verbose tar pack [ '/Users/vivekpoddar/.npm/is-git-repo/1.0.0/package.tgz',
14 verbose tar pack   '/Users/vivekpoddar/dev/is-git-repo' ]
15 verbose tarball /Users/vivekpoddar/.npm/is-git-repo/1.0.0/package.tgz
16 verbose folder /Users/vivekpoddar/dev/is-git-repo
17 verbose addLocalTarball adding from inside cache /Users/vivekpoddar/.npm/is-git-repo/1.0.0/package.tgz
18 verbose correctMkdir /Users/vivekpoddar/.npm correctMkdir not in flight; initializing
19 silly cache afterAdd is-git-repo@1.0.0
20 verbose afterAdd /Users/vivekpoddar/.npm/is-git-repo/1.0.0/package/package.json not in flight; writing
21 verbose correctMkdir /Users/vivekpoddar/.npm correctMkdir not in flight; initializing
22 verbose afterAdd /Users/vivekpoddar/.npm/is-git-repo/1.0.0/package/package.json written
23 silly publish { name: 'is-git-repo',
23 silly publish   version: '1.0.0',
23 silly publish   description: 'Checks whether the given directory is git repo.',
23 silly publish   main: 'index.js',
23 silly publish   scripts: { precommit: 'xo && npm test', prepush: 'npm test', test: 'ava' },
23 silly publish   repository:
23 silly publish    { type: 'git',
23 silly publish      url: 'git+https://github.com/vivekimsit/is-git-repo.git' },
23 silly publish   keywords: [ 'git', 'util' ],
23 silly publish   author: { name: 'Vivek Poddar' },
23 silly publish   license: 'MIT',
23 silly publish   bugs: { url: 'https://github.com/vivekimsit/is-git-repo/issues' },
23 silly publish   homepage: 'https://github.com/vivekimsit/is-git-repo#readme',
23 silly publish   devDependencies: { ava: '^0.19.1', husky: '^0.13.3' },
23 silly publish   dependencies: { xo: '^0.18.1' },
23 silly publish   xo: { space: true },
23 silly publish   readme: '# is-git-repo [![XO code style](https://img.shields.io/badge/code_style-XO-5ed9c7.svg)](https://github.com/sindresorhus/xo) [![Build Status](https://travis-ci.org/vivekimsit/is-git-repo.svg?branch=master)](https://travis-ci.org/vivekimsit/is-git-repo)\n\n> Check if the given directory is a git repo\n\n\n## Usage\n\n```js\nconst isGitRepo = require(\'is-git-repo\');\n\nisGitRepo(path).then(result => console.log(result))\n```\n\n## License\n\nMIT © [Vivek Poddar](http://github.com/vivekimsit)\n',
23 silly publish   readmeFilename: 'readme.md',
23 silly publish   gitHead: '39bfdbfcc04d08475644a151d070bdcfd99c1be2',
23 silly publish   _id: 'is-git-repo@1.0.0',
23 silly publish   _shasum: '8f6c4c0d8c87c729a35bb22ec1db8a45721c1982',
23 silly publish   _from: '.' }
24 info lifecycle is-git-repo@1.0.0~prepublishOnly: is-git-repo@1.0.0
25 silly lifecycle is-git-repo@1.0.0~prepublishOnly: no script for prepublishOnly, continuing
26 verbose getPublishConfig undefined
27 silly mapToRegistry name is-git-repo
28 silly mapToRegistry using default registry
29 silly mapToRegistry registry https://registry.npmjs.org/
30 silly mapToRegistry data Result {
30 silly mapToRegistry   raw: 'is-git-repo',
30 silly mapToRegistry   scope: null,
30 silly mapToRegistry   escapedName: 'is-git-repo',
30 silly mapToRegistry   name: 'is-git-repo',
30 silly mapToRegistry   rawSpec: '',
30 silly mapToRegistry   spec: 'latest',
30 silly mapToRegistry   type: 'tag' }
31 silly mapToRegistry uri https://registry.npmjs.org/is-git-repo
32 verbose publish registryBase https://registry.npmjs.org/
33 silly publish uploading /Users/vivekpoddar/.npm/is-git-repo/1.0.0/package.tgz
34 verbose request uri https://registry.npmjs.org/is-git-repo
35 verbose request sending authorization for write operation
36 info attempt registry request try #1 at 6:56:48 PM
37 verbose request using bearer token for auth
38 verbose request id a46ed35681044063
39 http request PUT https://registry.npmjs.org/is-git-repo
40 http 403 https://registry.npmjs.org/is-git-repo
41 verbose headers { 'content-type': 'application/json',
41 verbose headers   'cache-control': 'max-age=300',
41 verbose headers   'content-length': '105',
41 verbose headers   'accept-ranges': 'bytes',
41 verbose headers   date: 'Fri, 28 Apr 2017 13:26:50 GMT',
41 verbose headers   via: '1.1 varnish',
41 verbose headers   connection: 'keep-alive',
41 verbose headers   'x-served-by': 'cache-sin18030-SIN',
41 verbose headers   'x-cache': 'MISS',
41 verbose headers   'x-cache-hits': '0',
41 verbose headers   'x-timer': 'S1493386009.408831,VS0,VE893',
41 verbose headers   vary: 'Accept-Encoding' }
42 verbose request invalidating /Users/vivekpoddar/.npm/registry.npmjs.org/is-git-repo on PUT
43 error publish Failed PUT 403
44 verbose stack Error: you do not have permission to publish "is-git-repo". Are you logged in as the correct user? : is-git-repo
44 verbose stack     at makeError (/usr/local/lib/node_modules/npm/node_modules/npm-registry-client/lib/request.js:304:12)
44 verbose stack     at CachingRegistryClient.<anonymous> (/usr/local/lib/node_modules/npm/node_modules/npm-registry-client/lib/request.js:292:14)
44 verbose stack     at Request._callback (/usr/local/lib/node_modules/npm/node_modules/npm-registry-client/lib/request.js:212:14)
44 verbose stack     at Request.self.callback (/usr/local/lib/node_modules/npm/node_modules/request/request.js:186:22)
44 verbose stack     at emitTwo (events.js:106:13)
44 verbose stack     at Request.emit (events.js:192:7)
44 verbose stack     at Request.<anonymous> (/usr/local/lib/node_modules/npm/node_modules/request/request.js:1081:10)
44 verbose stack     at emitOne (events.js:96:13)
44 verbose stack     at Request.emit (events.js:189:7)
44 verbose stack     at IncomingMessage.<anonymous> (/usr/local/lib/node_modules/npm/node_modules/request/request.js:1001:12)
45 verbose statusCode 403
46 verbose pkgid is-git-repo
47 verbose cwd /Users/vivekpoddar/dev/is-git-repo
48 error Darwin 16.5.0
49 error argv "/usr/local/bin/node" "/usr/local/bin/npm" "publish"
50 error node v7.6.0
51 error npm  v4.1.2
52 error code E403
53 error you do not have permission to publish "is-git-repo". Are you logged in as the correct user? : is-git-repo
54 error If you need help, you may report this error at:
54 error     <https://github.com/npm/npm/issues>
55 verbose exit [ 1, true ]
